[2021-11-26T18:56:41.654] [WARN] custom - { route: '/favicon.ico', method: 'GET' } Route not defined
[2021-11-26T18:56:50.108] [WARN] custom - { route: '/favicon.ico', method: 'GET' } Route not defined
[2021-11-26T18:56:55.057] [WARN] custom - { route: '/favicon.ico', method: 'GET' } Route not defined
[2021-11-26T18:56:57.946] [WARN] custom - { route: '/favicon.ico', method: 'GET' } Route not defined
[2021-11-26T18:58:21.899] [WARN] custom - { route: '/favicon.ico', method: 'GET' } Route not defined
[2021-11-26T18:58:24.256] [WARN] custom - { route: '/favicon.ico', method: 'GET' } Route not defined
[2021-11-26T18:58:31.051] [WARN] custom - { route: '/favicon.ico', method: 'GET' } Route not defined
[2021-11-26T18:59:15.027] [WARN] custom - { route: '/favicon.ico', method: 'GET' } Route not defined
[2021-11-26T18:59:18.077] [WARN] custom - { route: '/favicon.ico', method: 'GET' } Route not defined
[2021-11-26T18:59:40.725] [WARN] custom - { route: '/favicon.ico', method: 'GET' } Route not defined
[2021-11-26T18:59:55.971] [WARN] custom - { route: '/favicon.ico', method: 'GET' } Route not defined
[2021-11-26T19:00:04.232] [WARN] custom - { route: '/favicon.ico', method: 'GET' } Route not defined
[2021-11-26T19:00:05.788] [WARN] custom - { route: '/favicon.ico', method: 'GET' } Route not defined
[2021-11-26T19:00:13.525] [WARN] custom - { route: '/favicon.ico', method: 'GET' } Route not defined
[2021-11-26T19:00:14.976] [WARN] custom - { route: '/favicon.ico', method: 'GET' } Route not defined
[2021-11-26T19:04:26.565] [WARN] custom - { route: '/favicon.ico', method: 'GET' } Route not defined
[2021-11-26T19:04:35.208] [WARN] custom - { route: '/favicon.ico', method: 'GET' } Route not defined
[2021-11-26T19:04:42.880] [WARN] custom - { route: '/favicon.ico', method: 'GET' } Route not defined
[2021-11-26T19:04:50.830] [WARN] custom - { route: '/favicon.ico', method: 'GET' } Route not defined
[2021-11-26T19:04:53.619] [WARN] custom - { route: '/favicon.ico', method: 'GET' } Route not defined
[2021-11-26T19:06:18.192] [WARN] custom - { route: '/favicon.ico', method: 'GET' } Route not defined
[2021-11-26T19:06:25.001] [WARN] custom - { route: '/favicon.ico', method: 'GET' } Route not defined
[2021-11-26T19:06:27.142] [WARN] custom - { route: '/favicon.ico', method: 'GET' } Route not defined
[2021-11-26T19:09:36.852] [WARN] custom - { route: '/favicon.ico', method: 'GET' } Route not defined
[2021-11-26T19:09:56.184] [WARN] custom - { route: '/favicon.ico', method: 'GET' } Route not defined
[2021-11-26T19:10:08.826] [WARN] custom - { route: '/favicon.ico', method: 'GET' } Route not defined
[2021-11-26T19:10:12.447] [WARN] custom - { route: '/favicon.ico', method: 'GET' } Route not defined
[2021-11-26T19:11:07.558] [WARN] custom - { route: '/favicon.ico', method: 'GET' } Route not defined
[2021-11-26T19:11:35.255] [WARN] custom - { route: '/favicon.ico', method: 'GET' } Route not defined
[2021-11-26T19:13:41.591] [WARN] custom - { route: '/favicon.ico', method: 'GET' } Route not defined
[2021-11-26T19:19:19.660] [WARN] custom - { route: '/favicon.ico', method: 'GET' } Route not defined
[2021-11-26T19:19:29.332] [WARN] custom - { route: '/favicon.ico', method: 'GET' } Route not defined
[2021-11-26T19:21:35.004] [WARN] custom - { route: '/favicon.ico', method: 'GET' } Route not defined
[2021-11-26T19:23:07.118] [WARN] custom - { route: '/favicon.ico', method: 'GET' } Route not defined
[2021-11-26T19:23:53.064] [WARN] custom - { route: '/favicon.ico', method: 'GET' } Route not defined
[2021-11-26T19:25:45.415] [WARN] custom - { route: '/favicon.ico', method: 'GET' } Route not defined
[2021-11-26T19:26:03.629] [WARN] custom - { route: '/favicon.ico', method: 'GET' } Route not defined
[2021-11-26T19:26:18.035] [WARN] custom - { route: '/favicon.ico', method: 'GET' } Route not defined
[2021-11-26T19:27:02.832] [WARN] custom - { route: '/favicon.ico', method: 'GET' } Route not defined
[2021-11-26T19:27:07.614] [WARN] custom - { route: '/favicon.ico', method: 'GET' } Route not defined
[2021-11-26T19:27:11.687] [WARN] custom - { route: '/favicon.ico', method: 'GET' } Route not defined
[2021-11-26T19:28:05.916] [WARN] custom - { route: '/favicon.ico', method: 'GET' } Route not defined
[2021-11-26T19:28:14.759] [WARN] custom - { route: '/favicon.ico', method: 'GET' } Route not defined
[2021-11-26T19:29:13.654] [WARN] custom - { route: '/favicon.ico', method: 'GET' } Route not defined
[2021-11-26T19:29:39.954] [WARN] custom - { route: '/favicon.ico', method: 'GET' } Route not defined
[2021-11-26T19:32:16.769] [WARN] custom - { route: '/favicon.ico', method: 'GET' } Route not defined
[2021-11-26T19:32:26.958] [WARN] custom - { route: '/favicon.ico', method: 'GET' } Route not defined
[2021-11-26T19:32:51.759] [WARN] custom - { route: '/favicon.ico', method: 'GET' } Route not defined
[2021-11-26T19:36:16.384] [WARN] custom - { route: '/favicon.ico', method: 'GET' } Route not defined
[2021-11-26T19:39:51.697] [WARN] custom - { route: '/favicon.ico', method: 'GET' } Route not defined
[2021-11-26T19:42:28.783] [WARN] custom - { route: '/favicon.ico', method: 'GET' } Route not defined
[2021-11-26T19:42:41.816] [WARN] custom - { route: '/favicon.ico', method: 'GET' } Route not defined
[2021-11-26T19:46:09.956] [WARN] custom - { route: '/favicon.ico', method: 'GET' } Route not defined
[2021-11-26T19:46:22.491] [WARN] custom - { route: '/favicon.ico', method: 'GET' } Route not defined
[2021-11-26T19:47:31.492] [WARN] custom - { route: '/favicon.ico', method: 'GET' } Route not defined
[2021-11-26T19:47:40.633] [WARN] custom - { route: '/favicon.ico', method: 'GET' } Route not defined
[2021-11-26T19:48:14.686] [WARN] custom - { route: '/favicon.ico', method: 'GET' } Route not defined
[2021-11-26T19:48:25.108] [WARN] custom - { route: '/favicon.ico', method: 'GET' } Route not defined
[2021-11-26T19:49:56.969] [WARN] custom - { route: '/favicon.ico', method: 'GET' } Route not defined
[2021-11-26T19:50:05.522] [WARN] custom - { route: '/favicon.ico', method: 'GET' } Route not defined
[2021-11-26T19:51:22.790] [WARN] custom - { route: '/favicon.ico', method: 'GET' } Route not defined
[2021-11-26T19:51:32.290] [WARN] custom - { route: '/favicon.ico', method: 'GET' } Route not defined
[2021-11-26T19:51:39.661] [WARN] custom - { route: '/favicon.ico', method: 'GET' } Route not defined
[2021-11-26T19:51:42.619] [WARN] custom - { route: '/favicon.ico', method: 'GET' } Route not defined
[2021-11-26T19:54:03.397] [WARN] custom - { route: '/favicon.ico', method: 'GET' } Route not defined
[2021-11-26T19:54:11.529] [WARN] custom - { route: '/favicon.ico', method: 'GET' } Route not defined
[2021-11-26T19:54:13.384] [WARN] custom - { route: '/favicon.ico', method: 'GET' } Route not defined
[2021-11-26T19:54:47.601] [WARN] custom - { route: '/favicon.ico', method: 'GET' } Route not defined
[2021-11-26T19:54:55.205] [WARN] custom - { route: '/favicon.ico', method: 'GET' } Route not defined
[2021-11-26T19:54:56.927] [WARN] custom - { route: '/favicon.ico', method: 'GET' } Route not defined
[2021-11-26T19:54:58.550] [WARN] custom - { route: '/favicon.ico', method: 'GET' } Route not defined
[2021-11-26T19:55:08.800] [WARN] custom - { route: '/favicon.ico', method: 'GET' } Route not defined
[2021-11-26T19:56:43.026] [WARN] custom - { route: '/favicon.ico', method: 'GET' } Route not defined
[2021-11-26T19:56:49.507] [WARN] custom - { route: '/favicon.ico', method: 'GET' } Route not defined
[2021-11-26T19:56:52.177] [WARN] custom - { route: '/favicon.ico', method: 'GET' } Route not defined
[2021-11-26T19:56:54.765] [WARN] custom - { route: '/favicon.ico', method: 'GET' } Route not defined
[2021-11-26T19:56:55.744] [WARN] custom - { route: '/favicon.ico', method: 'GET' } Route not defined
[2021-11-26T19:56:58.042] [WARN] custom - { route: '/favicon.ico', method: 'GET' } Route not defined
[2021-11-26T19:56:59.806] [WARN] custom - { route: '/favicon.ico', method: 'GET' } Route not defined
[2021-11-26T19:57:01.686] [WARN] custom - { route: '/favicon.ico', method: 'GET' } Route not defined
[2021-11-26T19:57:14.496] [WARN] custom - { route: '/favicon.ico', method: 'GET' } Route not defined
[2021-11-26T19:57:47.969] [WARN] custom - { route: '/favicon.ico', method: 'GET' } Route not defined
[2021-11-26T19:57:51.278] [WARN] custom - { route: '/favicon.ico', method: 'GET' } Route not defined
[2021-11-26T19:58:06.511] [WARN] custom - { route: '/favicon.ico', method: 'GET' } Route not defined
[2021-11-26T19:58:15.421] [WARN] custom - { route: '/favicon.ico', method: 'GET' } Route not defined
[2021-11-26T19:58:17.770] [WARN] custom - { route: '/favicon.ico', method: 'GET' } Route not defined
[2021-11-26T20:03:42.172] [WARN] custom - { route: '/favicon.ico', method: 'GET' } Route not defined
[2021-11-26T20:03:51.815] [WARN] custom - { route: '/favicon.ico', method: 'GET' } Route not defined
[2021-11-26T20:05:22.363] [WARN] custom - { route: '/favicon.ico', method: 'GET' } Route not defined
[2021-11-26T20:05:42.664] [WARN] custom - { route: '/favicon.ico', method: 'GET' } Route not defined
[2021-11-26T20:06:39.300] [WARN] custom - { route: '/favicon.ico', method: 'GET' } Route not defined
[2021-11-26T20:06:44.966] [WARN] custom - { route: '/favicon.ico', method: 'GET' } Route not defined
[2021-11-26T20:07:11.008] [WARN] custom - { route: '/favicon.ico', method: 'GET' } Route not defined
[2021-11-26T20:07:17.884] [WARN] custom - { route: '/favicon.ico', method: 'GET' } Route not defined
[2021-11-26T20:07:42.695] [WARN] custom - { route: '/favicon.ico', method: 'GET' } Route not defined
[2021-11-26T20:07:50.087] [WARN] custom - { route: '/favicon.ico', method: 'GET' } Route not defined
[2021-11-26T20:07:52.781] [WARN] custom - { route: '/favicon.ico', method: 'GET' } Route not defined
[2021-11-26T20:08:04.534] [WARN] custom - { route: '/favicon.ico', method: 'GET' } Route not defined
[2021-11-26T20:10:53.851] [WARN] custom - { route: '/favicon.ico', method: 'GET' } Route not defined
[2021-11-26T20:10:57.832] [WARN] custom - { route: '/favicon.ico', method: 'GET' } Route not defined
[2021-11-26T20:11:27.067] [WARN] custom - { route: '/favicon.ico', method: 'GET' } Route not defined
[2021-11-26T20:11:34.599] [WARN] custom - { route: '/favicon.ico', method: 'GET' } Route not defined
[2021-11-26T20:11:42.756] [WARN] custom - { route: '/favicon.ico', method: 'GET' } Route not defined
[2021-11-26T20:11:48.695] [WARN] custom - { route: '/favicon.ico', method: 'GET' } Route not defined
[2021-11-26T20:12:13.067] [WARN] custom - { route: '/favicon.ico', method: 'GET' } Route not defined
[2021-11-26T20:12:18.800] [WARN] custom - { route: '/favicon.ico', method: 'GET' } Route not defined
[2021-11-26T20:12:49.818] [WARN] custom - { route: '/favicon.ico', method: 'GET' } Route not defined
[2021-11-26T20:12:56.211] [WARN] custom - { route: '/favicon.ico', method: 'GET' } Route not defined
[2021-11-26T20:13:38.850] [WARN] custom - { route: '/favicon.ico', method: 'GET' } Route not defined
[2021-11-26T20:13:45.883] [WARN] custom - { route: '/favicon.ico', method: 'GET' } Route not defined
[2021-11-26T20:13:57.998] [WARN] custom - { route: '/favicon.ico', method: 'GET' } Route not defined
[2021-11-26T20:14:08.503] [WARN] custom - { route: '/$http://localhost:3000/products', method: 'GET' } Route not defined
[2021-11-26T20:14:08.518] [WARN] custom - { route: '/$http://localhost:3000/messages', method: 'GET' } Route not defined
[2021-11-26T20:14:09.167] [WARN] custom - { route: '/$http://localhost:3000/products-test', method: 'GET' } Route not defined
[2021-11-26T20:14:09.171] [WARN] custom - { route: '/favicon.ico', method: 'GET' } Route not defined
[2021-11-26T20:14:19.873] [WARN] custom - { route: '/favicon.ico', method: 'GET' } Route not defined
[2021-11-26T20:14:25.164] [WARN] custom - { route: '/$http://localhost:3000/products', method: 'GET' } Route not defined
[2021-11-26T20:14:25.216] [WARN] custom - { route: '/$http://localhost:3000/messages', method: 'GET' } Route not defined
[2021-11-26T20:14:25.795] [WARN] custom - { route: '/$http://localhost:3000/products-test', method: 'GET' } Route not defined
[2021-11-26T20:14:25.801] [WARN] custom - { route: '/favicon.ico', method: 'GET' } Route not defined
[2021-11-26T20:15:23.929] [WARN] custom - { route: '/favicon.ico', method: 'GET' } Route not defined
[2021-11-26T20:16:06.578] [WARN] custom - { route: '/favicon.ico', method: 'GET' } Route not defined
[2021-11-26T20:16:13.063] [WARN] custom - { route: '/$http://localhost:3000/messages', method: 'GET' } Route not defined
[2021-11-26T20:16:13.067] [WARN] custom - { route: '/$http://localhost:3000/products', method: 'GET' } Route not defined
[2021-11-26T20:16:13.642] [WARN] custom - { route: '/$http://localhost:3000/products-test', method: 'GET' } Route not defined
[2021-11-26T20:16:13.653] [WARN] custom - { route: '/favicon.ico', method: 'GET' } Route not defined
[2021-11-26T20:16:37.695] [WARN] custom - { route: '/favicon.ico', method: 'GET' } Route not defined
[2021-11-26T20:16:43.276] [WARN] custom - { route: '/favicon.ico', method: 'GET' } Route not defined
[2022-01-08T11:47:41.454] [WARN] custom - { route: '/favicon.ico', method: 'GET' } Route not defined
[2022-01-08T11:47:48.993] [WARN] custom - { route: '/favicon.ico', method: 'GET' } Route not defined
[2022-01-08T11:48:06.263] [WARN] custom - { route: '/favicon.ico', method: 'GET' } Route not defined
[2022-01-08T11:48:17.230] [WARN] custom - { route: '/favicon.ico', method: 'GET' } Route not defined
[2022-01-08T11:48:54.222] [WARN] custom - { route: '/favicon.ico', method: 'GET' } Route not defined
[2022-01-08T11:49:33.997] [WARN] custom - { route: '/favicon.ico', method: 'GET' } Route not defined
[2022-01-08T11:51:55.921] [WARN] custom - { route: '/favicon.ico', method: 'GET' } Route not defined
[2022-01-08T11:52:01.760] [WARN] custom - file not created yet, creating new one
[2022-01-08T11:52:02.332] [WARN] custom - { route: '/favicon.ico', method: 'GET' } Route not defined
[2022-01-08T11:52:17.076] [WARN] custom - { route: '/favicon.ico', method: 'GET' } Route not defined
[2022-01-08T11:52:26.659] [WARN] custom - { route: '/favicon.ico', method: 'GET' } Route not defined
[2022-01-08T11:52:29.557] [WARN] custom - { route: '/favicon.ico', method: 'GET' } Route not defined
[2022-01-08T12:17:49.964] [WARN] custom - { route: '/favicon.ico', method: 'GET' } Route not defined
[2022-01-08T12:17:56.007] [WARN] custom - file not created yet, creating new one
[2022-01-08T12:17:56.599] [WARN] custom - { route: '/favicon.ico', method: 'GET' } Route not defined
[2022-01-08T12:18:01.960] [WARN] custom - { route: '/favicon.ico', method: 'GET' } Route not defined
[2022-01-08T12:18:20.055] [WARN] custom - { route: '/favicon.ico', method: 'GET' } Route not defined
[2022-01-08T12:18:27.665] [WARN] custom - { route: '/favicon.ico', method: 'GET' } Route not defined
[2022-01-08T12:19:45.285] [WARN] custom - { route: '/favicon.ico', method: 'GET' } Route not defined
[2022-01-08T12:19:53.443] [WARN] custom - { route: '/favicon.ico', method: 'GET' } Route not defined
[2022-01-08T12:23:56.923] [WARN] custom - { route: '/favicon.ico', method: 'GET' } Route not defined
[2022-01-08T12:24:03.573] [WARN] custom - { route: '/favicon.ico', method: 'GET' } Route not defined
[2022-01-08T12:24:09.608] [WARN] custom - { route: '/favicon.ico', method: 'GET' } Route not defined
[2022-01-08T12:24:13.861] [WARN] custom - { route: '/favicon.ico', method: 'GET' } Route not defined
[2022-01-08T12:24:20.265] [WARN] custom - { route: '/favicon.ico', method: 'GET' } Route not defined
[2022-01-08T12:24:43.444] [WARN] custom - { route: '/favicon.ico', method: 'GET' } Route not defined
[2022-01-08T12:24:48.917] [WARN] custom - { route: '/favicon.ico', method: 'GET' } Route not defined
[2022-01-08T12:24:55.358] [WARN] custom - { route: '/favicon.ico', method: 'GET' } Route not defined
[2022-01-08T12:24:58.572] [WARN] custom - { route: '/favicon.ico', method: 'GET' } Route not defined
[2022-01-08T12:25:03.921] [WARN] custom - { route: '/favicon.ico', method: 'GET' } Route not defined
[2022-01-08T12:25:10.129] [WARN] custom - { route: '/favicon.ico', method: 'GET' } Route not defined
[2022-01-15T11:34:31.746] [WARN] custom - { route: '/favicon.ico', method: 'GET' } Route not defined
[2022-01-15T11:34:39.149] [WARN] custom - { route: '/favicon.ico', method: 'GET' } Route not defined
[2022-01-15T11:34:53.021] [WARN] custom - { route: '/favicon.ico', method: 'GET' } Route not defined
[2022-01-15T12:18:54.648] [WARN] Logger - { route: '/products/', method: 'PUT' } Route not defined
[2022-01-15T12:45:57.673] [WARN] Logger - {
  route: '/products/e61a1a6f-9362-4f17-be0d-1618c2624de4',
  method: 'POST'
} Route not defined
[2022-01-15T13:35:14.599] [WARN] Logger - { route: '/favicon.ico', method: 'GET' } Route not defined
[2022-01-15T13:35:18.745] [WARN] Logger - { route: '/favicon.ico', method: 'GET' } Route not defined
[2022-01-15T13:35:20.250] [WARN] Logger - { route: '/favicon.ico', method: 'GET' } Route not defined
[2022-01-15T13:35:27.814] [WARN] Logger - { route: '/favicon.ico', method: 'GET' } Route not defined
[2022-01-15T14:10:38.823] [WARN] Logger - { route: '/favicon.ico', method: 'GET' } Route not defined
[2022-01-15T14:52:49.985] [ERROR] Logger - Messages could not be fetched
[2022-01-15T14:54:51.148] [ERROR] Logger - Messages could not be fetched
[2022-01-15T14:58:58.229] [WARN] Logger - { route: '/favicon.ico', method: 'GET' } Route not defined
[2022-01-15T14:59:05.768] [WARN] Logger - { route: '/favicon.ico', method: 'GET' } Route not defined
[2022-01-15T14:59:15.581] [WARN] Logger - { route: '/favicon.ico', method: 'GET' } Route not defined
[2022-01-15T14:59:43.151] [WARN] Logger - { route: '/favicon.ico', method: 'GET' } Route not defined
[2022-01-15T14:59:48.596] [WARN] Logger - { route: '/favicon.ico', method: 'GET' } Route not defined
[2022-01-15T14:59:57.921] [WARN] Logger - { route: '/favicon.ico', method: 'GET' } Route not defined
[2022-01-15T15:00:17.966] [WARN] Logger - { route: '/favicon.ico', method: 'GET' } Route not defined
[2022-01-15T15:01:25.787] [WARN] Logger - { route: '/favicon.ico', method: 'GET' } Route not defined
[2022-01-15T15:29:33.367] [WARN] Logger - { route: '/favicon.ico', method: 'GET' } Route not defined
[2022-01-15T19:22:47.790] [ERROR] Logger - Could not save message
[2022-01-15T19:24:03.601] [ERROR] Logger - Could not save message
[2022-01-15T19:24:33.495] [ERROR] Logger - Could not save message
[2022-01-15T19:25:05.767] [ERROR] Logger - Could not save message mensaje validation failed: text: Path `text` is required., user: Path `user` is required., time: Path `time` is required.
[2022-01-15T19:26:24.353] [ERROR] Logger - Could not save message mensaje validation failed: text: Path `text` is required., user: Path `user` is required., time: Path `time` is required.
[2022-01-22T18:51:47.130] [WARN] Logger - { route: '/favicon.ico', method: 'GET' } Route not defined
[2022-01-22T18:51:54.300] [WARN] Logger - { route: '/favicon.ico', method: 'GET' } Route not defined
[2022-01-22T18:52:47.469] [WARN] Logger - { route: '/favicon.ico', method: 'GET' } Route not defined
[2022-01-22T18:53:39.234] [WARN] Logger - { route: '/favicon.ico', method: 'GET' } Route not defined
[2022-01-22T18:53:39.360] [WARN] Logger - { route: '/favicon.ico', method: 'GET' } Route not defined
[2022-01-22T18:53:39.526] [WARN] Logger - { route: '/favicon.ico', method: 'GET' } Route not defined
[2022-01-22T18:53:39.639] [WARN] Logger - { route: '/favicon.ico', method: 'GET' } Route not defined
[2022-01-22T18:53:39.836] [WARN] Logger - { route: '/favicon.ico', method: 'GET' } Route not defined
[2022-01-22T18:53:40.175] [WARN] Logger - { route: '/favicon.ico', method: 'GET' } Route not defined
[2022-01-22T18:53:41.072] [WARN] Logger - { route: '/favicon.ico', method: 'GET' } Route not defined
[2022-01-22T18:53:52.276] [WARN] Logger - { route: '/favicon.ico', method: 'GET' } Route not defined
[2022-01-22T18:53:52.489] [WARN] Logger - { route: '/favicon.ico', method: 'GET' } Route not defined
[2022-01-22T18:53:54.030] [WARN] Logger - { route: '/favicon.ico', method: 'GET' } Route not defined
[2022-01-22T18:53:54.240] [WARN] Logger - { route: '/favicon.ico', method: 'GET' } Route not defined
[2022-01-22T18:53:54.421] [WARN] Logger - { route: '/favicon.ico', method: 'GET' } Route not defined
[2022-01-22T18:53:54.605] [WARN] Logger - { route: '/favicon.ico', method: 'GET' } Route not defined
[2022-01-22T18:53:55.170] [WARN] Logger - { route: '/favicon.ico', method: 'GET' } Route not defined
[2022-01-22T18:53:55.873] [WARN] Logger - { route: '/favicon.ico', method: 'GET' } Route not defined
[2022-01-22T18:53:56.006] [WARN] Logger - { route: '/favicon.ico', method: 'GET' } Route not defined
[2022-01-22T18:53:56.222] [WARN] Logger - { route: '/favicon.ico', method: 'GET' } Route not defined
[2022-01-22T18:53:58.774] [WARN] Logger - { route: '/favicon.ico', method: 'GET' } Route not defined
[2022-01-22T18:53:58.972] [WARN] Logger - { route: '/favicon.ico', method: 'GET' } Route not defined
[2022-01-22T18:53:59.858] [WARN] Logger - { route: '/favicon.ico', method: 'GET' } Route not defined
[2022-01-22T18:54:00.609] [WARN] Logger - { route: '/favicon.ico', method: 'GET' } Route not defined
[2022-01-22T18:54:01.408] [WARN] Logger - { route: '/favicon.ico', method: 'GET' } Route not defined
[2022-01-22T18:54:01.788] [WARN] Logger - { route: '/favicon.ico', method: 'GET' } Route not defined
[2022-01-22T18:54:01.909] [WARN] Logger - { route: '/favicon.ico', method: 'GET' } Route not defined
[2022-01-22T18:54:02.062] [WARN] Logger - { route: '/favicon.ico', method: 'GET' } Route not defined
[2022-01-22T18:54:02.225] [WARN] Logger - { route: '/favicon.ico', method: 'GET' } Route not defined
[2022-01-22T18:54:02.381] [WARN] Logger - { route: '/favicon.ico', method: 'GET' } Route not defined
[2022-01-22T18:54:04.740] [WARN] Logger - { route: '/favicon.ico', method: 'GET' } Route not defined
[2022-01-22T18:54:05.055] [WARN] Logger - { route: '/favicon.ico', method: 'GET' } Route not defined
[2022-01-22T18:54:05.260] [WARN] Logger - { route: '/favicon.ico', method: 'GET' } Route not defined
[2022-01-22T18:54:05.564] [WARN] Logger - { route: '/favicon.ico', method: 'GET' } Route not defined
[2022-01-22T18:54:05.833] [WARN] Logger - { route: '/favicon.ico', method: 'GET' } Route not defined
[2022-01-22T18:54:06.048] [WARN] Logger - { route: '/favicon.ico', method: 'GET' } Route not defined
[2022-01-22T18:54:06.287] [WARN] Logger - { route: '/favicon.ico', method: 'GET' } Route not defined
[2022-01-22T18:54:07.271] [WARN] Logger - { route: '/favicon.ico', method: 'GET' } Route not defined
[2022-01-22T18:54:09.445] [WARN] Logger - { route: '/favicon.ico', method: 'GET' } Route not defined
[2022-01-22T18:54:10.091] [WARN] Logger - { route: '/favicon.ico', method: 'GET' } Route not defined
[2022-01-22T18:54:11.704] [WARN] Logger - { route: '/favicon.ico', method: 'GET' } Route not defined
[2022-01-22T18:54:12.083] [WARN] Logger - { route: '/favicon.ico', method: 'GET' } Route not defined
[2022-01-22T18:54:14.054] [WARN] Logger - { route: '/favicon.ico', method: 'GET' } Route not defined
[2022-01-22T18:54:24.529] [WARN] Logger - { route: '/favicon.ico', method: 'GET' } Route not defined
[2022-01-22T18:54:33.939] [WARN] Logger - { route: '/favicon.ico', method: 'GET' } Route not defined
[2022-01-22T18:54:34.053] [WARN] Logger - { route: '/favicon.ico', method: 'GET' } Route not defined
[2022-01-22T18:54:34.177] [WARN] Logger - { route: '/favicon.ico', method: 'GET' } Route not defined
[2022-01-22T18:54:34.306] [WARN] Logger - { route: '/favicon.ico', method: 'GET' } Route not defined
[2022-01-22T18:54:34.445] [WARN] Logger - { route: '/favicon.ico', method: 'GET' } Route not defined
[2022-01-22T18:54:34.981] [WARN] Logger - { route: '/favicon.ico', method: 'GET' } Route not defined
[2022-01-22T18:54:36.172] [WARN] Logger - { route: '/favicon.ico', method: 'GET' } Route not defined
[2022-01-22T18:54:36.607] [WARN] Logger - { route: '/favicon.ico', method: 'GET' } Route not defined
[2022-01-22T18:54:36.775] [WARN] Logger - { route: '/favicon.ico', method: 'GET' } Route not defined
[2022-01-22T18:54:36.921] [WARN] Logger - { route: '/favicon.ico', method: 'GET' } Route not defined
[2022-01-22T18:54:37.854] [WARN] Logger - { route: '/favicon.ico', method: 'GET' } Route not defined
[2022-01-22T18:54:38.364] [WARN] Logger - { route: '/favicon.ico', method: 'GET' } Route not defined
[2022-01-22T18:54:39.658] [WARN] Logger - { route: '/favicon.ico', method: 'GET' } Route not defined
[2022-01-22T18:54:39.824] [WARN] Logger - { route: '/favicon.ico', method: 'GET' } Route not defined
[2022-01-22T18:54:40.102] [WARN] Logger - { route: '/favicon.ico', method: 'GET' } Route not defined
[2022-01-22T18:54:40.613] [WARN] Logger - { route: '/favicon.ico', method: 'GET' } Route not defined
[2022-01-22T18:54:41.435] [WARN] Logger - { route: '/favicon.ico', method: 'GET' } Route not defined
[2022-01-22T18:54:42.048] [WARN] Logger - { route: '/favicon.ico', method: 'GET' } Route not defined
[2022-01-22T18:54:50.387] [WARN] Logger - { route: '/favicon.ico', method: 'GET' } Route not defined
[2022-01-22T18:54:58.012] [WARN] Logger - { route: '/favicon.ico', method: 'GET' } Route not defined
[2022-01-22T18:55:00.305] [WARN] Logger - { route: '/favicon.ico', method: 'GET' } Route not defined
[2022-01-22T18:55:03.525] [WARN] Logger - { route: '/favicon.ico', method: 'GET' } Route not defined
[2022-01-22T18:55:09.390] [WARN] Logger - { route: '/favicon.ico', method: 'GET' } Route not defined
[2022-01-22T18:55:26.846] [WARN] Logger - { route: '/favicon.ico', method: 'GET' } Route not defined
[2022-01-22T18:55:27.123] [WARN] Logger - { route: '/favicon.ico', method: 'GET' } Route not defined
[2022-01-22T18:55:27.250] [WARN] Logger - { route: '/favicon.ico', method: 'GET' } Route not defined
[2022-01-22T18:55:27.391] [WARN] Logger - { route: '/favicon.ico', method: 'GET' } Route not defined
[2022-01-22T18:55:28.987] [WARN] Logger - { route: '/favicon.ico', method: 'GET' } Route not defined
[2022-01-22T18:55:30.188] [WARN] Logger - { route: '/favicon.ico', method: 'GET' } Route not defined
[2022-01-22T18:56:01.989] [WARN] Logger - { route: '/favicon.ico', method: 'GET' } Route not defined
[2022-01-22T18:56:02.361] [WARN] Logger - { route: '/favicon.ico', method: 'GET' } Route not defined
[2022-01-22T18:56:02.753] [WARN] Logger - { route: '/favicon.ico', method: 'GET' } Route not defined
[2022-01-22T18:56:03.109] [WARN] Logger - { route: '/favicon.ico', method: 'GET' } Route not defined
[2022-01-22T18:56:03.436] [WARN] Logger - { route: '/favicon.ico', method: 'GET' } Route not defined
[2022-01-22T18:56:03.610] [WARN] Logger - { route: '/favicon.ico', method: 'GET' } Route not defined
[2022-01-22T18:56:03.923] [WARN] Logger - { route: '/favicon.ico', method: 'GET' } Route not defined
[2022-01-22T18:56:04.087] [WARN] Logger - { route: '/favicon.ico', method: 'GET' } Route not defined
[2022-01-22T18:56:04.219] [WARN] Logger - { route: '/favicon.ico', method: 'GET' } Route not defined
[2022-01-22T18:56:04.443] [WARN] Logger - { route: '/favicon.ico', method: 'GET' } Route not defined
[2022-01-22T18:58:14.720] [WARN] Logger - { route: '/favicon.ico', method: 'GET' } Route not defined
[2022-01-22T18:58:18.465] [WARN] Logger - { route: '/favicon.ico', method: 'GET' } Route not defined
[2022-01-22T18:58:18.568] [WARN] Logger - { route: '/favicon.ico', method: 'GET' } Route not defined
[2022-01-22T18:58:18.752] [WARN] Logger - { route: '/favicon.ico', method: 'GET' } Route not defined
[2022-01-22T18:58:18.943] [WARN] Logger - { route: '/favicon.ico', method: 'GET' } Route not defined
[2022-01-22T18:58:19.070] [WARN] Logger - { route: '/favicon.ico', method: 'GET' } Route not defined
[2022-01-22T18:58:19.482] [WARN] Logger - { route: '/favicon.ico', method: 'GET' } Route not defined
[2022-01-22T18:58:19.886] [WARN] Logger - { route: '/favicon.ico', method: 'GET' } Route not defined
[2022-01-22T18:58:20.080] [WARN] Logger - { route: '/favicon.ico', method: 'GET' } Route not defined
[2022-01-22T18:58:20.231] [WARN] Logger - { route: '/favicon.ico', method: 'GET' } Route not defined
[2022-01-22T18:58:20.566] [WARN] Logger - { route: '/favicon.ico', method: 'GET' } Route not defined
[2022-01-22T18:58:21.049] [WARN] Logger - { route: '/favicon.ico', method: 'GET' } Route not defined
[2022-01-22T18:58:21.382] [WARN] Logger - { route: '/favicon.ico', method: 'GET' } Route not defined
[2022-01-22T18:58:22.250] [WARN] Logger - { route: '/favicon.ico', method: 'GET' } Route not defined
[2022-01-22T18:58:22.415] [WARN] Logger - { route: '/favicon.ico', method: 'GET' } Route not defined
[2022-01-22T18:58:22.982] [WARN] Logger - { route: '/favicon.ico', method: 'GET' } Route not defined
[2022-01-22T18:58:29.828] [WARN] Logger - { route: '/favicon.ico', method: 'GET' } Route not defined
[2022-01-22T18:58:31.140] [WARN] Logger - { route: '/favicon.ico', method: 'GET' } Route not defined
[2022-01-22T18:58:31.341] [WARN] Logger - { route: '/favicon.ico', method: 'GET' } Route not defined
[2022-01-22T18:58:31.520] [WARN] Logger - { route: '/favicon.ico', method: 'GET' } Route not defined
[2022-01-22T18:58:32.600] [WARN] Logger - { route: '/favicon.ico', method: 'GET' } Route not defined
[2022-01-22T18:59:12.238] [WARN] Logger - { route: '/favicon.ico', method: 'GET' } Route not defined
[2022-01-22T18:59:12.916] [WARN] Logger - { route: '/favicon.ico', method: 'GET' } Route not defined
[2022-01-22T18:59:19.420] [WARN] Logger - { route: '/favicon.ico', method: 'GET' } Route not defined
[2022-01-22T18:59:19.864] [WARN] Logger - { route: '/favicon.ico', method: 'GET' } Route not defined
[2022-01-22T18:59:20.066] [WARN] Logger - { route: '/favicon.ico', method: 'GET' } Route not defined
[2022-01-22T18:59:20.331] [WARN] Logger - { route: '/favicon.ico', method: 'GET' } Route not defined
[2022-01-22T18:59:20.585] [WARN] Logger - { route: '/favicon.ico', method: 'GET' } Route not defined
[2022-01-22T18:59:22.519] [WARN] Logger - { route: '/favicon.ico', method: 'GET' } Route not defined
[2022-01-22T18:59:22.724] [WARN] Logger - { route: '/favicon.ico', method: 'GET' } Route not defined
[2022-01-22T18:59:22.898] [WARN] Logger - { route: '/favicon.ico', method: 'GET' } Route not defined
[2022-01-22T18:59:23.082] [WARN] Logger - { route: '/favicon.ico', method: 'GET' } Route not defined
[2022-01-22T18:59:23.266] [WARN] Logger - { route: '/favicon.ico', method: 'GET' } Route not defined
[2022-01-22T18:59:23.446] [WARN] Logger - { route: '/favicon.ico', method: 'GET' } Route not defined
[2022-01-22T18:59:23.981] [WARN] Logger - { route: '/favicon.ico', method: 'GET' } Route not defined
[2022-01-22T18:59:28.279] [WARN] Logger - { route: '/favicon.ico', method: 'GET' } Route not defined
[2022-01-22T18:59:28.503] [WARN] Logger - { route: '/favicon.ico', method: 'GET' } Route not defined
[2022-01-22T18:59:30.423] [WARN] Logger - { route: '/favicon.ico', method: 'GET' } Route not defined
[2022-01-22T18:59:30.724] [WARN] Logger - { route: '/favicon.ico', method: 'GET' } Route not defined
[2022-01-22T18:59:32.549] [WARN] Logger - { route: '/favicon.ico', method: 'GET' } Route not defined
[2022-01-22T18:59:33.295] [WARN] Logger - { route: '/favicon.ico', method: 'GET' } Route not defined
[2022-01-22T18:59:33.498] [WARN] Logger - { route: '/favicon.ico', method: 'GET' } Route not defined
[2022-01-22T18:59:33.683] [WARN] Logger - { route: '/favicon.ico', method: 'GET' } Route not defined
[2022-01-22T18:59:33.866] [WARN] Logger - { route: '/favicon.ico', method: 'GET' } Route not defined
[2022-01-22T18:59:34.399] [WARN] Logger - { route: '/favicon.ico', method: 'GET' } Route not defined
[2022-01-22T18:59:34.701] [WARN] Logger - { route: '/favicon.ico', method: 'GET' } Route not defined
[2022-01-22T18:59:34.831] [WARN] Logger - { route: '/favicon.ico', method: 'GET' } Route not defined
[2022-01-22T18:59:34.972] [WARN] Logger - { route: '/favicon.ico', method: 'GET' } Route not defined
[2022-01-22T18:59:35.405] [WARN] Logger - { route: '/favicon.ico', method: 'GET' } Route not defined
[2022-01-22T18:59:37.156] [WARN] Logger - { route: '/favicon.ico', method: 'GET' } Route not defined
[2022-01-22T18:59:43.907] [WARN] Logger - { route: '/favicon.ico', method: 'GET' } Route not defined
[2022-01-22T18:59:44.234] [WARN] Logger - { route: '/favicon.ico', method: 'GET' } Route not defined
[2022-01-22T18:59:44.370] [WARN] Logger - { route: '/favicon.ico', method: 'GET' } Route not defined
[2022-01-22T18:59:44.503] [WARN] Logger - { route: '/favicon.ico', method: 'GET' } Route not defined
[2022-01-22T18:59:51.346] [WARN] Logger - { route: '/favicon.ico', method: 'GET' } Route not defined
[2022-01-22T18:59:52.840] [WARN] Logger - { route: '/favicon.ico', method: 'GET' } Route not defined
[2022-01-22T18:59:53.134] [WARN] Logger - { route: '/favicon.ico', method: 'GET' } Route not defined
[2022-01-22T18:59:53.292] [WARN] Logger - { route: '/favicon.ico', method: 'GET' } Route not defined
[2022-01-22T18:59:53.476] [WARN] Logger - { route: '/favicon.ico', method: 'GET' } Route not defined
[2022-01-22T18:59:54.324] [WARN] Logger - { route: '/favicon.ico', method: 'GET' } Route not defined
[2022-01-22T18:59:54.688] [WARN] Logger - { route: '/favicon.ico', method: 'GET' } Route not defined
[2022-01-22T18:59:55.321] [WARN] Logger - { route: '/favicon.ico', method: 'GET' } Route not defined
[2022-01-22T18:59:56.277] [WARN] Logger - { route: '/favicon.ico', method: 'GET' } Route not defined
[2022-01-22T18:59:57.171] [WARN] Logger - { route: '/favicon.ico', method: 'GET' } Route not defined
[2022-01-22T18:59:57.483] [WARN] Logger - { route: '/favicon.ico', method: 'GET' } Route not defined
[2022-01-22T18:59:58.095] [WARN] Logger - { route: '/favicon.ico', method: 'GET' } Route not defined
[2022-01-22T18:59:58.631] [WARN] Logger - { route: '/favicon.ico', method: 'GET' } Route not defined
[2022-01-22T18:59:59.048] [WARN] Logger - { route: '/favicon.ico', method: 'GET' } Route not defined
[2022-01-22T19:00:11.029] [WARN] Logger - { route: '/favicon.ico', method: 'GET' } Route not defined
[2022-01-22T19:00:11.482] [WARN] Logger - { route: '/favicon.ico', method: 'GET' } Route not defined
[2022-01-22T19:00:12.303] [WARN] Logger - { route: '/favicon.ico', method: 'GET' } Route not defined
[2022-01-22T19:00:12.519] [WARN] Logger - { route: '/favicon.ico', method: 'GET' } Route not defined
[2022-01-22T19:00:12.687] [WARN] Logger - { route: '/favicon.ico', method: 'GET' } Route not defined
[2022-01-22T19:00:13.721] [WARN] Logger - { route: '/favicon.ico', method: 'GET' } Route not defined
[2022-01-22T19:00:14.049] [WARN] Logger - { route: '/favicon.ico', method: 'GET' } Route not defined
[2022-01-22T19:00:14.267] [WARN] Logger - { route: '/favicon.ico', method: 'GET' } Route not defined
[2022-01-22T19:00:15.257] [WARN] Logger - { route: '/favicon.ico', method: 'GET' } Route not defined
[2022-01-22T19:00:15.433] [WARN] Logger - { route: '/favicon.ico', method: 'GET' } Route not defined
[2022-01-22T19:00:15.696] [WARN] Logger - { route: '/favicon.ico', method: 'GET' } Route not defined
[2022-01-22T19:00:15.834] [WARN] Logger - { route: '/favicon.ico', method: 'GET' } Route not defined
[2022-01-22T19:00:16.059] [WARN] Logger - { route: '/favicon.ico', method: 'GET' } Route not defined
[2022-01-22T19:00:16.204] [WARN] Logger - { route: '/favicon.ico', method: 'GET' } Route not defined
[2022-01-22T19:00:19.898] [WARN] Logger - { route: '/favicon.ico', method: 'GET' } Route not defined
[2022-01-22T19:00:20.084] [WARN] Logger - { route: '/favicon.ico', method: 'GET' } Route not defined
[2022-01-22T19:00:21.325] [WARN] Logger - { route: '/favicon.ico', method: 'GET' } Route not defined
[2022-01-22T19:00:21.455] [WARN] Logger - { route: '/favicon.ico', method: 'GET' } Route not defined
[2022-01-22T19:01:09.964] [WARN] Logger - { route: '/favicon.ico', method: 'GET' } Route not defined
[2022-01-22T19:01:10.273] [WARN] Logger - { route: '/favicon.ico', method: 'GET' } Route not defined
[2022-01-22T19:01:11.284] [WARN] Logger - { route: '/favicon.ico', method: 'GET' } Route not defined
[2022-01-22T19:01:11.422] [WARN] Logger - { route: '/favicon.ico', method: 'GET' } Route not defined
[2022-01-22T19:01:11.581] [WARN] Logger - { route: '/favicon.ico', method: 'GET' } Route not defined
[2022-01-22T19:01:11.720] [WARN] Logger - { route: '/favicon.ico', method: 'GET' } Route not defined
[2022-01-22T19:01:11.876] [WARN] Logger - { route: '/favicon.ico', method: 'GET' } Route not defined
[2022-01-22T19:01:12.324] [WARN] Logger - { route: '/favicon.ico', method: 'GET' } Route not defined
[2022-01-22T19:01:12.509] [WARN] Logger - { route: '/favicon.ico', method: 'GET' } Route not defined
[2022-01-22T19:01:12.804] [WARN] Logger - { route: '/favicon.ico', method: 'GET' } Route not defined
[2022-01-22T19:01:13.154] [WARN] Logger - { route: '/favicon.ico', method: 'GET' } Route not defined
[2022-01-22T19:01:13.733] [WARN] Logger - { route: '/favicon.ico', method: 'GET' } Route not defined
[2022-01-22T19:01:14.115] [WARN] Logger - { route: '/favicon.ico', method: 'GET' } Route not defined
[2022-01-22T19:01:14.698] [WARN] Logger - { route: '/favicon.ico', method: 'GET' } Route not defined
[2022-01-22T19:01:19.330] [WARN] Logger - { route: '/favicon.ico', method: 'GET' } Route not defined
[2022-01-22T19:01:20.022] [WARN] Logger - { route: '/favicon.ico', method: 'GET' } Route not defined
[2022-01-22T19:01:20.190] [WARN] Logger - { route: '/favicon.ico', method: 'GET' } Route not defined
[2022-01-22T19:01:20.371] [WARN] Logger - { route: '/favicon.ico', method: 'GET' } Route not defined
[2022-01-22T19:01:20.623] [WARN] Logger - { route: '/favicon.ico', method: 'GET' } Route not defined
[2022-01-22T19:01:21.078] [WARN] Logger - { route: '/favicon.ico', method: 'GET' } Route not defined
[2022-01-22T19:01:21.277] [WARN] Logger - { route: '/favicon.ico', method: 'GET' } Route not defined
[2022-01-22T19:01:21.451] [WARN] Logger - { route: '/favicon.ico', method: 'GET' } Route not defined
[2022-01-22T19:01:21.688] [WARN] Logger - { route: '/favicon.ico', method: 'GET' } Route not defined
[2022-01-22T19:01:21.971] [WARN] Logger - { route: '/favicon.ico', method: 'GET' } Route not defined
[2022-01-22T19:01:22.497] [WARN] Logger - { route: '/favicon.ico', method: 'GET' } Route not defined
[2022-01-22T19:01:24.910] [WARN] Logger - { route: '/favicon.ico', method: 'GET' } Route not defined
[2022-01-22T19:01:25.971] [WARN] Logger - { route: '/favicon.ico', method: 'GET' } Route not defined
[2022-01-22T19:01:26.715] [WARN] Logger - { route: '/favicon.ico', method: 'GET' } Route not defined
[2022-01-22T19:01:26.841] [WARN] Logger - { route: '/favicon.ico', method: 'GET' } Route not defined
[2022-01-22T19:01:26.949] [WARN] Logger - { route: '/favicon.ico', method: 'GET' } Route not defined
[2022-01-22T19:01:27.300] [WARN] Logger - { route: '/favicon.ico', method: 'GET' } Route not defined
[2022-01-22T19:01:27.702] [WARN] Logger - { route: '/favicon.ico', method: 'GET' } Route not defined
[2022-01-22T19:01:28.047] [WARN] Logger - { route: '/favicon.ico', method: 'GET' } Route not defined
[2022-01-22T19:01:28.258] [WARN] Logger - { route: '/favicon.ico', method: 'GET' } Route not defined
[2022-01-22T19:01:28.479] [WARN] Logger - { route: '/favicon.ico', method: 'GET' } Route not defined
[2022-01-22T19:01:28.581] [WARN] Logger - { route: '/favicon.ico', method: 'GET' } Route not defined
[2022-01-22T19:01:28.862] [WARN] Logger - { route: '/favicon.ico', method: 'GET' } Route not defined
[2022-01-22T19:01:29.116] [WARN] Logger - { route: '/favicon.ico', method: 'GET' } Route not defined
[2022-01-22T19:01:30.272] [WARN] Logger - { route: '/favicon.ico', method: 'GET' } Route not defined
[2022-01-22T19:01:30.478] [WARN] Logger - { route: '/favicon.ico', method: 'GET' } Route not defined
[2022-01-22T19:02:43.432] [WARN] Logger - { route: '/favicon.ico', method: 'GET' } Route not defined
[2022-01-22T19:02:48.579] [WARN] Logger - { route: '/favicon.ico', method: 'GET' } Route not defined
[2022-01-22T19:02:52.916] [WARN] Logger - { route: '/favicon.ico', method: 'GET' } Route not defined
[2022-01-22T19:02:53.132] [WARN] Logger - { route: '/favicon.ico', method: 'GET' } Route not defined
[2022-01-22T19:02:53.324] [WARN] Logger - { route: '/favicon.ico', method: 'GET' } Route not defined
[2022-01-22T19:02:53.504] [WARN] Logger - { route: '/favicon.ico', method: 'GET' } Route not defined
[2022-01-22T19:02:53.702] [WARN] Logger - { route: '/favicon.ico', method: 'GET' } Route not defined
[2022-01-22T19:02:54.233] [WARN] Logger - { route: '/favicon.ico', method: 'GET' } Route not defined
[2022-01-22T19:02:54.637] [WARN] Logger - { route: '/favicon.ico', method: 'GET' } Route not defined
[2022-01-22T19:02:54.941] [WARN] Logger - { route: '/favicon.ico', method: 'GET' } Route not defined
[2022-01-22T19:02:55.266] [WARN] Logger - { route: '/favicon.ico', method: 'GET' } Route not defined
[2022-01-22T19:02:55.406] [WARN] Logger - { route: '/favicon.ico', method: 'GET' } Route not defined
[2022-01-22T19:02:55.569] [WARN] Logger - { route: '/favicon.ico', method: 'GET' } Route not defined
[2022-01-22T19:02:55.923] [WARN] Logger - { route: '/favicon.ico', method: 'GET' } Route not defined
[2022-01-22T19:03:01.603] [WARN] Logger - { route: '/favicon.ico', method: 'GET' } Route not defined
[2022-01-22T19:03:02.054] [WARN] Logger - { route: '/favicon.ico', method: 'GET' } Route not defined
[2022-01-22T19:03:03.414] [WARN] Logger - { route: '/favicon.ico', method: 'GET' } Route not defined
[2022-01-22T19:03:04.201] [WARN] Logger - { route: '/favicon.ico', method: 'GET' } Route not defined
[2022-01-22T19:03:04.382] [WARN] Logger - { route: '/favicon.ico', method: 'GET' } Route not defined
[2022-01-22T19:03:04.591] [WARN] Logger - { route: '/favicon.ico', method: 'GET' } Route not defined
[2022-01-22T19:03:04.792] [WARN] Logger - { route: '/favicon.ico', method: 'GET' } Route not defined
[2022-01-22T19:03:04.967] [WARN] Logger - { route: '/favicon.ico', method: 'GET' } Route not defined
[2022-01-22T19:03:16.306] [WARN] Logger - { route: '/favicon.ico', method: 'GET' } Route not defined
[2022-01-22T19:03:16.440] [WARN] Logger - { route: '/favicon.ico', method: 'GET' } Route not defined
[2022-01-22T19:03:16.657] [WARN] Logger - { route: '/favicon.ico', method: 'GET' } Route not defined
[2022-01-22T19:03:16.815] [WARN] Logger - { route: '/favicon.ico', method: 'GET' } Route not defined
[2022-01-22T19:03:16.958] [WARN] Logger - { route: '/favicon.ico', method: 'GET' } Route not defined
[2022-01-22T19:03:18.605] [WARN] Logger - { route: '/favicon.ico', method: 'GET' } Route not defined
[2022-01-22T19:03:19.973] [WARN] Logger - { route: '/favicon.ico', method: 'GET' } Route not defined
[2022-01-22T19:03:20.143] [WARN] Logger - { route: '/favicon.ico', method: 'GET' } Route not defined
[2022-01-22T19:03:20.433] [WARN] Logger - { route: '/favicon.ico', method: 'GET' } Route not defined
[2022-01-22T19:03:20.654] [WARN] Logger - { route: '/favicon.ico', method: 'GET' } Route not defined
[2022-01-22T19:03:21.499] [WARN] Logger - { route: '/favicon.ico', method: 'GET' } Route not defined
[2022-01-22T19:03:24.304] [WARN] Logger - { route: '/favicon.ico', method: 'GET' } Route not defined
[2022-01-22T19:03:42.186] [WARN] Logger - { route: '/favicon.ico', method: 'GET' } Route not defined
[2022-01-22T19:03:42.831] [WARN] Logger - { route: '/favicon.ico', method: 'GET' } Route not defined
[2022-01-22T19:03:43.226] [WARN] Logger - { route: '/favicon.ico', method: 'GET' } Route not defined
[2022-01-22T19:03:43.330] [WARN] Logger - { route: '/favicon.ico', method: 'GET' } Route not defined
[2022-01-22T19:03:44.034] [WARN] Logger - { route: '/favicon.ico', method: 'GET' } Route not defined
[2022-01-22T19:03:46.947] [WARN] Logger - { route: '/favicon.ico', method: 'GET' } Route not defined
[2022-01-22T19:03:47.839] [WARN] Logger - { route: '/favicon.ico', method: 'GET' } Route not defined
[2022-01-22T19:03:48.008] [WARN] Logger - { route: '/favicon.ico', method: 'GET' } Route not defined
[2022-01-22T19:03:48.210] [WARN] Logger - { route: '/favicon.ico', method: 'GET' } Route not defined
[2022-01-22T19:03:48.383] [WARN] Logger - { route: '/favicon.ico', method: 'GET' } Route not defined
[2022-01-22T19:03:48.559] [WARN] Logger - { route: '/favicon.ico', method: 'GET' } Route not defined
[2022-01-22T19:03:48.742] [WARN] Logger - { route: '/favicon.ico', method: 'GET' } Route not defined
[2022-01-22T19:03:49.548] [WARN] Logger - { route: '/favicon.ico', method: 'GET' } Route not defined
[2022-01-22T19:03:50.081] [WARN] Logger - { route: '/favicon.ico', method: 'GET' } Route not defined
[2022-01-22T19:03:50.312] [WARN] Logger - { route: '/favicon.ico', method: 'GET' } Route not defined
[2022-01-22T19:03:50.830] [WARN] Logger - { route: '/favicon.ico', method: 'GET' } Route not defined
[2022-01-22T19:03:51.298] [WARN] Logger - { route: '/favicon.ico', method: 'GET' } Route not defined
[2022-01-22T19:03:52.921] [WARN] Logger - { route: '/favicon.ico', method: 'GET' } Route not defined
[2022-01-22T19:03:54.731] [WARN] Logger - { route: '/favicon.ico', method: 'GET' } Route not defined
[2022-01-22T19:03:54.982] [WARN] Logger - { route: '/favicon.ico', method: 'GET' } Route not defined
[2022-01-22T19:03:55.333] [WARN] Logger - { route: '/favicon.ico', method: 'GET' } Route not defined
[2022-01-22T19:03:55.871] [WARN] Logger - { route: '/favicon.ico', method: 'GET' } Route not defined
[2022-01-22T19:03:56.914] [WARN] Logger - { route: '/favicon.ico', method: 'GET' } Route not defined
[2022-01-22T19:03:57.297] [WARN] Logger - { route: '/favicon.ico', method: 'GET' } Route not defined
[2022-01-22T19:03:57.645] [WARN] Logger - { route: '/favicon.ico', method: 'GET' } Route not defined
[2022-01-22T19:03:57.914] [WARN] Logger - { route: '/favicon.ico', method: 'GET' } Route not defined
[2022-01-22T19:03:58.067] [WARN] Logger - { route: '/favicon.ico', method: 'GET' } Route not defined
[2022-01-22T19:03:58.449] [WARN] Logger - { route: '/favicon.ico', method: 'GET' } Route not defined
[2022-01-22T19:03:58.785] [WARN] Logger - { route: '/favicon.ico', method: 'GET' } Route not defined
[2022-01-22T19:03:58.981] [WARN] Logger - { route: '/favicon.ico', method: 'GET' } Route not defined
[2022-01-22T19:03:59.265] [WARN] Logger - { route: '/favicon.ico', method: 'GET' } Route not defined
[2022-01-22T19:03:59.585] [WARN] Logger - { route: '/favicon.ico', method: 'GET' } Route not defined
[2022-01-22T19:03:59.813] [WARN] Logger - { route: '/favicon.ico', method: 'GET' } Route not defined
[2022-01-22T19:04:00.716] [WARN] Logger - { route: '/favicon.ico', method: 'GET' } Route not defined
[2022-01-22T19:04:00.921] [WARN] Logger - { route: '/favicon.ico', method: 'GET' } Route not defined
[2022-01-22T19:04:02.241] [WARN] Logger - { route: '/favicon.ico', method: 'GET' } Route not defined
[2022-01-22T19:04:02.351] [WARN] Logger - { route: '/favicon.ico', method: 'GET' } Route not defined
[2022-01-22T19:04:02.578] [WARN] Logger - { route: '/favicon.ico', method: 'GET' } Route not defined
[2022-01-22T19:04:02.742] [WARN] Logger - { route: '/favicon.ico', method: 'GET' } Route not defined
[2022-01-22T19:04:03.251] [WARN] Logger - { route: '/favicon.ico', method: 'GET' } Route not defined
[2022-01-22T19:04:03.616] [WARN] Logger - { route: '/favicon.ico', method: 'GET' } Route not defined
[2022-01-22T19:04:03.875] [WARN] Logger - { route: '/favicon.ico', method: 'GET' } Route not defined
[2022-01-22T19:04:04.098] [WARN] Logger - { route: '/favicon.ico', method: 'GET' } Route not defined
[2022-01-22T19:04:05.121] [WARN] Logger - { route: '/favicon.ico', method: 'GET' } Route not defined
[2022-01-22T19:04:05.381] [WARN] Logger - { route: '/favicon.ico', method: 'GET' } Route not defined
[2022-01-22T19:04:08.976] [WARN] Logger - { route: '/favicon.ico', method: 'GET' } Route not defined
[2022-01-22T19:04:09.442] [WARN] Logger - { route: '/favicon.ico', method: 'GET' } Route not defined
[2022-01-22T19:04:10.017] [WARN] Logger - { route: '/favicon.ico', method: 'GET' } Route not defined
[2022-01-22T19:04:10.283] [WARN] Logger - { route: '/favicon.ico', method: 'GET' } Route not defined
[2022-01-22T19:04:10.857] [WARN] Logger - { route: '/favicon.ico', method: 'GET' } Route not defined
[2022-01-22T19:04:11.041] [WARN] Logger - { route: '/favicon.ico', method: 'GET' } Route not defined
[2022-01-22T19:04:11.257] [WARN] Logger - { route: '/favicon.ico', method: 'GET' } Route not defined
[2022-01-22T19:04:11.935] [WARN] Logger - { route: '/favicon.ico', method: 'GET' } Route not defined
[2022-01-22T19:04:12.450] [WARN] Logger - { route: '/favicon.ico', method: 'GET' } Route not defined
[2022-01-22T19:04:20.249] [WARN] Logger - { route: '/favicon.ico', method: 'GET' } Route not defined
[2022-01-22T19:04:21.002] [WARN] Logger - { route: '/favicon.ico', method: 'GET' } Route not defined
[2022-01-22T19:04:22.404] [WARN] Logger - { route: '/favicon.ico', method: 'GET' } Route not defined
[2022-01-22T19:04:36.266] [WARN] Logger - { route: '/favicon.ico', method: 'GET' } Route not defined
[2022-01-22T19:04:38.424] [WARN] Logger - { route: '/favicon.ico', method: 'GET' } Route not defined
[2022-01-22T19:04:39.021] [WARN] Logger - { route: '/favicon.ico', method: 'GET' } Route not defined
[2022-01-22T19:04:42.978] [WARN] Logger - { route: '/favicon.ico', method: 'GET' } Route not defined
[2022-01-22T19:04:43.175] [WARN] Logger - { route: '/favicon.ico', method: 'GET' } Route not defined
[2022-01-22T19:04:43.367] [WARN] Logger - { route: '/favicon.ico', method: 'GET' } Route not defined
[2022-01-22T19:04:44.770] [WARN] Logger - { route: '/favicon.ico', method: 'GET' } Route not defined
[2022-01-22T19:04:45.281] [WARN] Logger - { route: '/favicon.ico', method: 'GET' } Route not defined
[2022-01-22T19:04:45.433] [WARN] Logger - { route: '/favicon.ico', method: 'GET' } Route not defined
[2022-01-22T19:04:47.099] [WARN] Logger - { route: '/favicon.ico', method: 'GET' } Route not defined
[2022-01-22T19:04:47.265] [WARN] Logger - { route: '/favicon.ico', method: 'GET' } Route not defined
[2022-01-22T19:04:47.431] [WARN] Logger - { route: '/favicon.ico', method: 'GET' } Route not defined
[2022-01-22T19:04:48.031] [WARN] Logger - { route: '/favicon.ico', method: 'GET' } Route not defined
[2022-01-22T19:04:48.401] [WARN] Logger - { route: '/favicon.ico', method: 'GET' } Route not defined
[2022-01-22T19:04:49.184] [WARN] Logger - { route: '/favicon.ico', method: 'GET' } Route not defined
[2022-01-22T19:04:49.287] [WARN] Logger - { route: '/favicon.ico', method: 'GET' } Route not defined
[2022-01-22T19:04:49.506] [WARN] Logger - { route: '/favicon.ico', method: 'GET' } Route not defined
[2022-01-22T19:04:49.616] [WARN] Logger - { route: '/favicon.ico', method: 'GET' } Route not defined
[2022-01-22T19:04:49.736] [WARN] Logger - { route: '/favicon.ico', method: 'GET' } Route not defined
[2022-01-22T19:04:50.230] [WARN] Logger - { route: '/favicon.ico', method: 'GET' } Route not defined
[2022-01-22T19:04:50.480] [WARN] Logger - { route: '/favicon.ico', method: 'GET' } Route not defined
[2022-01-22T19:04:50.868] [WARN] Logger - { route: '/favicon.ico', method: 'GET' } Route not defined
[2022-01-22T19:04:51.010] [WARN] Logger - { route: '/favicon.ico', method: 'GET' } Route not defined
[2022-01-22T19:04:51.116] [WARN] Logger - { route: '/favicon.ico', method: 'GET' } Route not defined
[2022-01-22T19:04:51.420] [WARN] Logger - { route: '/favicon.ico', method: 'GET' } Route not defined
[2022-01-22T19:04:51.620] [WARN] Logger - { route: '/favicon.ico', method: 'GET' } Route not defined
[2022-01-22T19:04:51.810] [WARN] Logger - { route: '/favicon.ico', method: 'GET' } Route not defined
[2022-01-22T19:04:53.532] [WARN] Logger - { route: '/favicon.ico', method: 'GET' } Route not defined
[2022-01-22T19:04:53.721] [WARN] Logger - { route: '/favicon.ico', method: 'GET' } Route not defined
[2022-01-22T19:04:53.899] [WARN] Logger - { route: '/favicon.ico', method: 'GET' } Route not defined
[2022-01-22T19:04:54.068] [WARN] Logger - { route: '/favicon.ico', method: 'GET' } Route not defined
[2022-01-22T19:04:54.239] [WARN] Logger - { route: '/favicon.ico', method: 'GET' } Route not defined
[2022-01-22T19:04:54.366] [WARN] Logger - { route: '/favicon.ico', method: 'GET' } Route not defined
[2022-01-22T19:04:54.665] [WARN] Logger - { route: '/favicon.ico', method: 'GET' } Route not defined
[2022-01-22T19:04:54.941] [WARN] Logger - { route: '/favicon.ico', method: 'GET' } Route not defined
[2022-01-22T19:04:55.071] [WARN] Logger - { route: '/favicon.ico', method: 'GET' } Route not defined
[2022-01-22T19:04:55.217] [WARN] Logger - { route: '/favicon.ico', method: 'GET' } Route not defined
[2022-01-22T19:04:55.449] [WARN] Logger - { route: '/favicon.ico', method: 'GET' } Route not defined
[2022-01-22T19:04:55.670] [WARN] Logger - { route: '/favicon.ico', method: 'GET' } Route not defined
[2022-01-22T19:04:56.022] [WARN] Logger - { route: '/favicon.ico', method: 'GET' } Route not defined
[2022-01-22T19:05:40.584] [WARN] Logger - { route: '/favicon.ico', method: 'GET' } Route not defined
[2022-01-22T19:05:42.283] [WARN] Logger - { route: '/favicon.ico', method: 'GET' } Route not defined
[2022-01-22T19:05:56.728] [WARN] Logger - { route: '/favicon.ico', method: 'GET' } Route not defined
[2022-01-22T19:49:37.457] [WARN] Logger - { route: '/favicon.ico', method: 'GET' } Route not defined
[2022-01-22T19:49:37.646] [WARN] Logger - { route: '/favicon.ico', method: 'GET' } Route not defined
[2022-01-22T19:49:37.795] [WARN] Logger - { route: '/favicon.ico', method: 'GET' } Route not defined
[2022-01-22T19:49:37.967] [WARN] Logger - { route: '/favicon.ico', method: 'GET' } Route not defined
[2022-01-22T19:49:38.129] [WARN] Logger - { route: '/favicon.ico', method: 'GET' } Route not defined
[2022-01-22T19:49:38.308] [WARN] Logger - { route: '/favicon.ico', method: 'GET' } Route not defined
[2022-01-22T19:49:41.658] [WARN] Logger - { route: '/favicon.ico', method: 'GET' } Route not defined
[2022-01-22T19:49:42.038] [WARN] Logger - { route: '/favicon.ico', method: 'GET' } Route not defined
[2022-01-22T19:49:51.132] [WARN] Logger - { route: '/favicon.ico', method: 'GET' } Route not defined
[2022-01-22T19:49:51.982] [WARN] Logger - { route: '/favicon.ico', method: 'GET' } Route not defined
[2022-01-22T19:49:53.346] [WARN] Logger - { route: '/favicon.ico', method: 'GET' } Route not defined
[2022-01-22T19:49:53.554] [WARN] Logger - { route: '/favicon.ico', method: 'GET' } Route not defined
[2022-01-22T19:49:53.717] [WARN] Logger - { route: '/favicon.ico', method: 'GET' } Route not defined
[2022-01-22T19:49:59.965] [WARN] Logger - { route: '/favicon.ico', method: 'GET' } Route not defined
[2022-01-22T19:50:00.291] [WARN] Logger - { route: '/favicon.ico', method: 'GET' } Route not defined
[2022-01-22T19:50:00.428] [WARN] Logger - { route: '/favicon.ico', method: 'GET' } Route not defined
[2022-01-22T19:50:00.571] [WARN] Logger - { route: '/favicon.ico', method: 'GET' } Route not defined
[2022-01-22T19:50:07.400] [WARN] Logger - { route: '/favicon.ico', method: 'GET' } Route not defined
[2022-01-22T19:50:08.476] [WARN] Logger - { route: '/favicon.ico', method: 'GET' } Route not defined
[2022-01-22T19:50:09.582] [WARN] Logger - { route: '/favicon.ico', method: 'GET' } Route not defined
[2022-01-22T19:50:13.965] [WARN] Logger - { route: '/favicon.ico', method: 'GET' } Route not defined
[2022-01-22T19:50:26.566] [WARN] Logger - { route: '/favicon.ico', method: 'GET' } Route not defined
[2022-01-22T19:50:26.664] [WARN] Logger - { route: '/favicon.ico', method: 'GET' } Route not defined
[2022-01-22T19:50:26.888] [WARN] Logger - { route: '/favicon.ico', method: 'GET' } Route not defined
[2022-01-22T19:50:27.092] [WARN] Logger - { route: '/favicon.ico', method: 'GET' } Route not defined
[2022-01-22T19:50:27.196] [WARN] Logger - { route: '/favicon.ico', method: 'GET' } Route not defined
[2022-01-22T19:50:28.129] [WARN] Logger - { route: '/favicon.ico', method: 'GET' } Route not defined
[2022-01-22T19:50:28.480] [WARN] Logger - { route: '/favicon.ico', method: 'GET' } Route not defined
[2022-01-22T19:50:37.507] [WARN] Logger - { route: '/favicon.ico', method: 'GET' } Route not defined
[2022-01-22T19:50:56.949] [WARN] Logger - { route: '/favicon.ico', method: 'GET' } Route not defined
[2022-01-22T19:50:57.178] [WARN] Logger - { route: '/favicon.ico', method: 'GET' } Route not defined
[2022-01-22T19:51:09.956] [WARN] Logger - { route: '/favicon.ico', method: 'GET' } Route not defined
[2022-01-22T19:51:10.354] [WARN] Logger - { route: '/favicon.ico', method: 'GET' } Route not defined
[2022-01-22T19:51:15.600] [WARN] Logger - { route: '/favicon.ico', method: 'GET' } Route not defined
[2022-01-22T19:51:16.828] [WARN] Logger - { route: '/favicon.ico', method: 'GET' } Route not defined
[2022-01-22T19:51:17.012] [WARN] Logger - { route: '/favicon.ico', method: 'GET' } Route not defined
[2022-01-22T19:51:17.196] [WARN] Logger - { route: '/favicon.ico', method: 'GET' } Route not defined
[2022-01-22T19:51:17.348] [WARN] Logger - { route: '/favicon.ico', method: 'GET' } Route not defined
[2022-01-22T19:51:17.551] [WARN] Logger - { route: '/favicon.ico', method: 'GET' } Route not defined
[2022-01-22T19:51:18.630] [WARN] Logger - { route: '/favicon.ico', method: 'GET' } Route not defined
[2022-01-22T19:51:20.129] [WARN] Logger - { route: '/favicon.ico', method: 'GET' } Route not defined
[2022-01-22T19:51:20.470] [WARN] Logger - { route: '/favicon.ico', method: 'GET' } Route not defined
[2022-01-22T19:51:21.341] [WARN] Logger - { route: '/favicon.ico', method: 'GET' } Route not defined
[2022-01-22T19:51:44.628] [WARN] Logger - { route: '/favicon.ico', method: 'GET' } Route not defined
[2022-01-22T19:51:44.861] [WARN] Logger - { route: '/favicon.ico', method: 'GET' } Route not defined
[2022-01-22T19:51:45.862] [WARN] Logger - { route: '/favicon.ico', method: 'GET' } Route not defined
[2022-01-22T19:52:00.537] [WARN] Logger - { route: '/favicon.ico', method: 'GET' } Route not defined
[2022-01-22T19:52:10.911] [WARN] Logger - { route: '/favicon.ico', method: 'GET' } Route not defined
[2022-01-22T19:52:11.944] [WARN] Logger - { route: '/favicon.ico', method: 'GET' } Route not defined
[2022-01-22T19:52:12.295] [WARN] Logger - { route: '/favicon.ico', method: 'GET' } Route not defined
[2022-01-22T19:52:12.438] [WARN] Logger - { route: '/favicon.ico', method: 'GET' } Route not defined
[2022-01-22T19:52:12.568] [WARN] Logger - { route: '/favicon.ico', method: 'GET' } Route not defined
[2022-01-22T19:52:13.362] [WARN] Logger - { route: '/favicon.ico', method: 'GET' } Route not defined
[2022-01-22T19:52:14.180] [WARN] Logger - { route: '/favicon.ico', method: 'GET' } Route not defined
[2022-01-22T19:52:16.183] [WARN] Logger - { route: '/favicon.ico', method: 'GET' } Route not defined
[2022-01-22T19:52:16.501] [WARN] Logger - { route: '/favicon.ico', method: 'GET' } Route not defined
[2022-01-22T19:52:20.648] [WARN] Logger - { route: '/favicon.ico', method: 'GET' } Route not defined
[2022-01-22T19:52:20.762] [WARN] Logger - { route: '/favicon.ico', method: 'GET' } Route not defined
[2022-01-22T19:52:20.940] [WARN] Logger - { route: '/favicon.ico', method: 'GET' } Route not defined
[2022-01-22T19:52:21.064] [WARN] Logger - { route: '/favicon.ico', method: 'GET' } Route not defined
[2022-01-22T19:52:21.219] [WARN] Logger - { route: '/favicon.ico', method: 'GET' } Route not defined
[2022-01-22T19:52:21.905] [WARN] Logger - { route: '/favicon.ico', method: 'GET' } Route not defined
[2022-01-22T19:52:22.171] [WARN] Logger - { route: '/favicon.ico', method: 'GET' } Route not defined
[2022-01-22T19:52:22.482] [WARN] Logger - { route: '/favicon.ico', method: 'GET' } Route not defined
[2022-01-22T19:52:22.654] [WARN] Logger - { route: '/favicon.ico', method: 'GET' } Route not defined
[2022-01-22T19:52:22.814] [WARN] Logger - { route: '/favicon.ico', method: 'GET' } Route not defined
[2022-01-22T19:52:23.253] [WARN] Logger - { route: '/favicon.ico', method: 'GET' } Route not defined
[2022-01-22T19:52:23.727] [WARN] Logger - { route: '/favicon.ico', method: 'GET' } Route not defined
[2022-01-22T19:52:23.877] [WARN] Logger - { route: '/favicon.ico', method: 'GET' } Route not defined
[2022-01-22T19:56:00.792] [WARN] Logger - { route: '/favicon.ico', method: 'GET' } Route not defined
[2022-01-22T19:56:16.955] [WARN] Logger - { route: '/favicon.ico', method: 'GET' } Route not defined
