Started phase 0, duration: 1s @ 21:45:17(+0100) 2021-11-13
Report @ 21:45:27(+0100) 2021-11-13
Elapsed time: 10 seconds
  Scenarios launched:  50
  Scenarios completed: 0
  Requests completed:  582
  Mean response/sec: 63.15
  Response time (msec):
    min: 443.6
    max: 1504.5
    median: 655.7
    p95: 1206.4
    p99: 1459.2
  Codes:
    200: 582

Report @ 21:45:33(+0100) 2021-11-13
Elapsed time: 16 seconds
  Scenarios launched:  0
  Scenarios completed: 50
  Requests completed:  418
  Mean response/sec: 61.83
  Response time (msec):
    min: 208.7
    max: 1316.9
    median: 601.5
    p95: 1160.8
    p99: 1289.2
  Codes:
    200: 418

All virtual users finished
Summary report @ 21:45:33(+0100) 2021-11-13
  Scenarios launched:  50
  Scenarios completed: 50
  Requests completed:  1000
  Mean response/sec: 62.19
  Response time (msec):
    min: 208.7
    max: 1504.5
    median: 645.8
    p95: 1192.9
    p99: 1388.3
  Scenario counts:
    0: 50 (100%)
  Codes:
    200: 1000

