Started phase 0, duration: 1s @ 21:44:42(+0100) 2021-11-13
Report @ 21:44:52(+0100) 2021-11-13
Elapsed time: 10 seconds
  Scenarios launched:  50
  Scenarios completed: 0
  Requests completed:  827
  Mean response/sec: 87.3
  Response time (msec):
    min: 141.6
    max: 761
    median: 494
    p95: 710.7
    p99: 746.5
  Codes:
    200: 827

Report @ 21:44:54(+0100) 2021-11-13
Elapsed time: 12 seconds
  Scenarios launched:  0
  Scenarios completed: 50
  Requests completed:  173
  Mean response/sec: 63.5
  Response time (msec):
    min: 175.6
    max: 718.7
    median: 520.8
    p95: 677
    p99: 714.5
  Codes:
    200: 173

All virtual users finished
Summary report @ 21:44:54(+0100) 2021-11-13
  Scenarios launched:  50
  Scenarios completed: 50
  Requests completed:  1000
  Mean response/sec: 82.92
  Response time (msec):
    min: 141.6
    max: 761
    median: 497.2
    p95: 704.4
    p99: 744.5
  Scenario counts:
    0: 50 (100%)
  Codes:
    200: 1000

